<?xml version="1.0" encoding="UTF-8" ?>
<testsuite tests="6" failures="2" name="com.mycompany.mavenproject1.Mavenproject1Test" time="0.006" errors="0" skipped="0">
  <properties>
[...]
</properties>
  <testcase classname="com.mycompany.mavenproject1.Mavenproject1Test" name="com.mycompany.mavenproject1.Mavenproject1Test.testAdd" time="0.001"/>
  <testcase classname="com.mycompany.mavenproject1.Mavenproject1Test" name="com.mycompany.mavenproject1.Mavenproject1Test.testSubtract1" time="0"/>
  <testcase classname="com.mycompany.mavenproject1.Mavenproject1Test" name="com.mycompany.mavenproject1.Mavenproject1Test.testSubtract2" time="0.004">
    <failure message="expected: &lt;5&gt; but was: &lt;-5&gt;" type="org.opentest4j.AssertionFailedError">org.opentest4j.AssertionFailedError: expected: &lt;5&gt; but was: &lt;-5&gt;
	at org.junit.jupiter.api.AssertionUtils.fail(AssertionUtils.java:55)
	at org.junit.jupiter.api.AssertionUtils.failNotEqual(AssertionUtils.java:62)
	at org.junit.jupiter.api.AssertEquals.assertEquals(AssertEquals.java:150)
	at org.junit.jupiter.api.AssertEquals.assertEquals(AssertEquals.java:145)
	at org.junit.jupiter.api.Assertions.assertEquals(Assertions.java:510)
	at com.mycompany.mavenproject1.Mavenproject1Test.testSubtract2(Mavenproject1Test.java:36)
</failure>
  </testcase>
  <testcase classname="com.mycompany.mavenproject1.Mavenproject1Test" name="com.mycompany.mavenproject1.Mavenproject1Test.testMultiply" time="0"/>
  <testcase classname="com.mycompany.mavenproject1.Mavenproject1Test" name="com.mycompany.mavenproject1.Mavenproject1Test.testDivide1" time="0"/>
  <testcase classname="com.mycompany.mavenproject1.Mavenproject1Test" name="com.mycompany.mavenproject1.Mavenproject1Test.testDivide2" time="0.001">
    <failure message="expected: &lt;5&gt; but was: &lt;0&gt;" type="org.opentest4j.AssertionFailedError">org.opentest4j.AssertionFailedError: expected: &lt;5&gt; but was: &lt;0&gt;
	at org.junit.jupiter.api.AssertionUtils.fail(AssertionUtils.java:55)
	at org.junit.jupiter.api.AssertionUtils.failNotEqual(AssertionUtils.java:62)
	at org.junit.jupiter.api.AssertEquals.assertEquals(AssertEquals.java:150)
	at org.junit.jupiter.api.AssertEquals.assertEquals(AssertEquals.java:145)
	at org.junit.jupiter.api.Assertions.assertEquals(Assertions.java:510)
	at com.mycompany.mavenproject1.Mavenproject1Test.testDivide2(Mavenproject1Test.java:52)
</failure>
  </testcase>
</testsuite>